1652478701411	geckodriver	INFO	Listening on 127.0.0.1:63704
1652478704287	mozrunner::runner	INFO	Running command: "C:\\Program Files\\Mozilla Firefox\\firefox.exe" "--marionette" "--remote-debugging-port" "63705" "-no-remote" "-profile" "C:\\Users\\JOSEED~1\\AppData\\Local\\Temp\\rust_mozprofileKBVATF"
1652478705312	Marionette	INFO	Marionette enabled
console.warn: SearchSettings: "get: No settings file exists, new profile?" (new NotFoundError("Could not open the file at C:\\Users\\JOSEED~1\\AppData\\Local\\Temp\\rust_mozprofileKBVATF\\search.json.mozlz4", (void 0)))
DevTools listening on ws://localhost:63705/devtools/browser/665e5524-ca9f-426e-bb29-38486dcc67ae
1652478708039	Marionette	INFO	Listening on port 63717
1652478708517	RemoteAgent	WARN	TLS certificate errors will be ignored for this session
1652478711855	Marionette	INFO	Stopped listening on port 63717
console.warn: TopSitesFeed: Failed to fetch data from Contile server: NetworkError when attempting to fetch resource.
JavaScript error: chrome://remote/content/marionette/cert.js, line 55: NS_ERROR_NOT_AVAILABLE: Component returned failure code: 0x80040111 (NS_ERROR_NOT_AVAILABLE) [nsICertOverrideService.setDisableAllSecurityChecksAndLetAttackersInterceptMyData]
1652478758370	geckodriver	INFO	Listening on 127.0.0.1:63816
1652478761335	mozrunner::runner	INFO	Running command: "C:\\Program Files\\Mozilla Firefox\\firefox.exe" "--marionette" "--remote-debugging-port" "63817" "-no-remote" "-profile" "C:\\Users\\JOSEED~1\\AppData\\Local\\Temp\\rust_mozprofile18q84F"
1652478761727	Marionette	INFO	Marionette enabled
console.warn: SearchSettings: "get: No settings file exists, new profile?" (new NotFoundError("Could not open the file at C:\\Users\\JOSEED~1\\AppData\\Local\\Temp\\rust_mozprofile18q84F\\search.json.mozlz4", (void 0)))
DevTools listening on ws://localhost:63817/devtools/browser/9f47a297-55c1-45d9-a3ae-4d08798b3862
1652478763885	Marionette	INFO	Listening on port 63827
1652478764017	RemoteAgent	WARN	TLS certificate errors will be ignored for this session
1652479159686	Marionette	INFO	Stopped listening on port 63827
console.warn: TopSitesFeed: Failed to fetch data from Contile server: NetworkError when attempting to fetch resource.
JavaScript error: chrome://remote/content/marionette/cert.js, line 55: NS_ERROR_NOT_AVAILABLE: Component returned failure code: 0x80040111 (NS_ERROR_NOT_AVAILABLE) [nsICertOverrideService.setDisableAllSecurityChecksAndLetAttackersInterceptMyData]
1652479162866	geckodriver	INFO	Listening on 127.0.0.1:64204
1652479165818	mozrunner::runner	INFO	Running command: "C:\\Program Files\\Mozilla Firefox\\firefox.exe" "--marionette" "--remote-debugging-port" "64205" "-no-remote" "-profile" "C:\\Users\\JOSEED~1\\AppData\\Local\\Temp\\rust_mozprofileRB8ZtW"
1652479166263	Marionette	INFO	Marionette enabled
console.warn: SearchSettings: "get: No settings file exists, new profile?" (new NotFoundError("Could not open the file at C:\\Users\\JOSEED~1\\AppData\\Local\\Temp\\rust_mozprofileRB8ZtW\\search.json.mozlz4", (void 0)))
DevTools listening on ws://localhost:64205/devtools/browser/2d980eb5-8dd2-4abc-86de-fd17e1a7bbc3
1652479169310	Marionette	INFO	Listening on port 64215
1652479169485	RemoteAgent	WARN	TLS certificate errors will be ignored for this session
1652480588197	Marionette	INFO	Stopped listening on port 64215
JavaScript error: chrome://remote/content/marionette/cert.js, line 55: NS_ERROR_NOT_AVAILABLE: Component returned failure code: 0x80040111 (NS_ERROR_NOT_AVAILABLE) [nsICertOverrideService.setDisableAllSecurityChecksAndLetAttackersInterceptMyData]
295002	Marionette	INFO	Marionette enabled
console.warn: SearchSettings: "get: No settings file exists, new profile?" (new NotFoundError("Could not open the file at C:\\Users\\JOSEED~1\\AppData\\Local\\Temp\\rust_mozprofilerPXe7r\\search.json.mozlz4", (void 0)))
DevTools listening on ws://localhost:64360/devtools/browser/5c5d5e03-ec80-4c03-93e1-11508b2ba90b
1652479297290	Marionette	INFO	Listening on port 64374
1652479297617	RemoteAgent	WARN	TLS certificate errors will be ignored for this session
1652479301512	Marionette	INFO	Stopped listening on port 64374
console.warn: TopSitesFeed: Failed to fetch data from Contile server: NetworkError when attempting to fetch resource.
JavaScript error: chrome://remote/content/marionette/cert.js, line 55: NS_ERROR_NOT_AVAILABLE: Component returned failure code: 0x80040111 (NS_ERROR_NOT_AVAILABLE) [nsICertOverrideService.setDisableAllSecurityChecksAndLetAttackersInterceptMyData]
1652479359413	geckodriver	INFO	Listening on 127.0.0.1:64474
1652479362362	mozrunner::runner	INFO	Running command: "C:\\Program Files\\Mozilla Firefox\\firefox.exe" "--marionette" "--remote-debugging-port" "64475" "-no-remote" "-profile" "C:\\Users\\JOSEED~1\\AppData\\Local\\Temp\\rust_mozprofileCb6Ysx"
1652479362808	Marionette	INFO	Marionette enabled
console.warn: SearchSettings: "get: No settings file exists, new profile?" (new NotFoundError("Could not open the file at C:\\Users\\JOSEED~1\\AppData\\Local\\Temp\\rust_mozprofileCb6Ysx\\search.json.mozlz4", (void 0)))
DevTools listening on ws://localhost:64475/devtools/browser/ca672cc6-745a-43e5-b1f3-462bb0768fcd
1652479365036	Marionette	INFO	Listening on port 64485
1652479365543	RemoteAgent	WARN	TLS certificate errors will be ignored for this session
1652480588219	Marionette	INFO	Stopped listening on port 64485
JavaScript error: chrome://remote/content/marionette/cert.js, line 55: NS_ERROR_NOT_AVAILABLE: Component returned failure code: 0x80040111 (NS_ERROR_NOT_AVAILABLE) [nsICertOverrideService.setDisableAllSecurityChecksAndLetAttackersInterceptMyData]

###!!! [Child][PContentChild] Error: RunMessage(msgname=PContent::Msg_DestroyBrowsingContextGroup) Channel closing: too late to send/recv, messages will be lost

JavaScript error: resource://gre/modules/Sqlite.jsm, line 1105: Error: Sqlite.jsm has been shutdown. Cannot open connection to: C:\Users\JOSEED~1\AppData\Local\Temp\rust_mozprofileCb6Ysx\protections.sqlite
1652480595481	geckodriver	INFO	Listening on 127.0.0.1:65483
1652480598371	mozrunner::runner	INFO	Running command: "C:\\Program Files\\Mozilla Firefox\\firefox.exe" "--marionette" "--remote-debugging-port" "65484" "-no-remote" "-profile" "C:\\Users\\JOSEED~1\\AppData\\Local\\Temp\\rust_mozprofilezKDvOf"
1652480598825	Marionette	INFO	Marionette enabled
console.warn: SearchSettings: "get: No settings file exists, new profile?" (new NotFoundError("Could not open the file at C:\\Users\\JOSEED~1\\AppData\\Local\\Temp\\rust_mozprofilezKDvOf\\search.json.mozlz4", (void 0)))
DevTools listening on ws://localhost:65484/devtools/browser/f0f3eb3c-7ee3-454e-b340-ed2058e06d2c
1652480601279	Marionette	INFO	Listening on port 65494
1652480601537	RemoteAgent	WARN	TLS certificate errors will be ignored for this session
JavaScript error: resource://gre/modules/AsyncShutdown.jsm, line 575: NotFoundError: No such JSWindowActor 'DevToolsFrame'
1652481012400	Marionette	INFO	Stopped listening on port 65494
console.warn: TopSitesFeed: Failed to fetch data from Contile server: NetworkError when attempting to fetch resource.
JavaScript error: chrome://remote/content/marionette/cert.js, line 55: NS_ERROR_NOT_AVAILABLE: Component returned failure code: 0x80040111 (NS_ERROR_NOT_AVAILABLE) [nsICertOverrideService.setDisableAllSecurityChecksAndLetAttackersInterceptMyData]
mozlz4", (void 0)))
DevTools listening on ws://localhost:49439/devtools/browser/738cc035-c3af-40fc-8dee-a39eeef75d4f
1652480957144	Marionette	INFO	Listening on port 49450
1652480957580	RemoteAgent	WARN	TLS certificate errors will be ignored for this session
1652480982540	Marionette	INFO	Stopped listening on port 49450
console.warn: TopSitesFeed: Failed to fetch data from Contile server: NetworkError when attempting to fetch resource.
JavaScript error: chrome://remote/content/marionette/cert.js, line 55: NS_ERROR_NOT_AVAILABLE: Component returned failure code: 0x80040111 (NS_ERROR_NOT_AVAILABLE) [nsICertOverrideService.setDisableAllSecurityChecksAndLetAttackersInterceptMyData]
1652480987196	geckodriver	INFO	Listening on 127.0.0.1:49529
1652480990156	mozrunner::runner	INFO	Running command: "C:\\Program Files\\Mozilla Firefox\\firefox.exe" "--marionette" "--remote-debugging-port" "49530" "-no-remote" "-profile" "C:\\Users\\JOSEED~1\\AppData\\Local\\Temp\\rust_mozprofilebZwWG1"
1652480990743	Marionette	INFO	Marionette enabled
console.warn: SearchSettings: "get: No settings file exists, new profile?" (new NotFoundError("Could not open the file at C:\\Users\\JOSEED~1\\AppData\\Local\\Temp\\rust_mozprofilebZwWG1\\search.json.mozlz4", (void 0)))
DevTools listening on ws://localhost:49530/devtools/browser/6e9e78ad-aacc-4931-8331-d079d0f2832b
1652480992979	Marionette	INFO	Listening on port 49544
1652480993328	RemoteAgent	WARN	TLS certificate errors will be ignored for this session
1652481145088	Marionette	INFO	Stopped listening on port 49544
console.warn: TopSitesFeed: Failed to fetch data from Contile server: NetworkError when attempting to fetch resource.
JavaScript error: chrome://remote/content/marionette/cert.js, line 55: NS_ERROR_NOT_AVAILABLE: Component returned failure code: 0x80040111 (NS_ERROR_NOT_AVAILABLE) [nsICertOverrideService.setDisableAllSecurityChecksAndLetAttackersInterceptMyData]
1652481160734	geckodriver	INFO	Listening on 127.0.0.1:49733
1652481163696	mozrunner::runner	INFO	Running command: "C:\\Program Files\\Mozilla Firefox\\firefox.exe" "--marionette" "--remote-debugging-port" "49734" "-no-remote" "-profile" "C:\\Users\\JOSEED~1\\AppData\\Local\\Temp\\rust_mozprofileJW5wXh"
1652481164142	Marionette	INFO	Marionette enabled
console.warn: SearchSettings: "get: No settings file exists, new profile?" (new NotFoundError("Could not open the file at C:\\Users\\JOSEED~1\\AppData\\Local\\Temp\\rust_mozprofileJW5wXh\\search.json.mozlz4", (void 0)))
DevTools listening on ws://localhost:49734/devtools/browser/dc5002b6-892c-4c01-a6b6-09e168ad9de1
1652481166341	Marionette	INFO	Listening on port 49745
1652481166390	RemoteAgent	WARN	TLS certificate errors will be ignored for this session
1652481422032	Marionette	WARN	Ignoring event 'pageshow' because document has an invalid readyState of 'uninitialized'.
[2022-05-13T22:37:02Z ERROR mp4parse] Found 2 nul bytes in "\u{0}\u{0}"
[2022-05-13T22:37:02Z ERROR mp4parse] Found 2 nul bytes in "\u{0}\u{0}"
[2022-05-13T22:37:02Z ERROR mp4parse] Found 2 nul bytes in "\u{0}\u{0}"
[2022-05-13T22:37:02Z ERROR mp4parse] Found 2 nul bytes in "\u{0}\u{0}"
JavaScript warning: https://pagead2.googlesyndication.com/bg/-xusYJ2at0dbS1ujZyBHkA92CrhnscK4RJsdXU_Rclk.js line 1 > eval line 4094 > eval line 1 > eval line 1 > eval, line 1: WEBGL_debug_renderer_info is deprecated in Firefox and will be removed. Please use RENDERER.
Shutting down due to socket process crash.
[Parent 9796, IPC I/O Parent] WARNING: pipe error: 232: file /builds/worker/checkouts/gecko/ipc/chromium/src/chrome/common/ipc_channel_win.cc:556
1652481461353	geckodriver	INFO	Listening on 127.0.0.1:50086
1652481464274	mozrunner::runner	INFO	Running command: "C:\\Program Files\\Mozilla Firefox\\firefox.exe" "--marionette" "--remote-debugging-port" "50087" "-no-remote" "-profile" "C:\\Users\\JOSEED~1\\AppData\\Local\\Temp\\rust_mozprofile3GTJzA"
1652481464728	Marionette	INFO	Marionette enabled
console.warn: SearchSettings: "get: No settings file exists, new profile?" (new NotFoundError("Could not open the file at C:\\Users\\JOSEED~1\\AppData\\Local\\Temp\\rust_mozprofile3GTJzA\\search.json.mozlz4", (void 0)))
DevTools listening on ws://localhost:50087/devtools/browser/2d3e28f0-e752-42a4-9148-236ef931f1be
1652481466869	Marionette	INFO	Listening on port 50100
1652481466919	RemoteAgent	WARN	TLS certificate errors will be ignored for this session
console.error: (new InvalidStateError("JSWindowActorChild.sendAsyncMessage: JSWindowActorChild cannot send at the moment", (void 0), 402))
InvalidStateError: JSWindowActorChild.sendAsyncMessage: JSWindowActorChild cannot send at the moment: sendPacket@resource://devtools/server/connectors/js-window-actor/DevToolsFrameChild.jsm:402:10
send@resource://devtools/shared/transport/js-window-actor-transport.js:53:25
send@resource://devtools/server/devtools-server-connection.js:99:20
_sendEvent@resource://devtools/shared/protocol/Actor.js:72:15
initialize/<@resource://devtools/shared/protocol/Actor.js:46:16
_emit@resource://devtools/shared/event-emitter.js:242:32
emit@resource://devtools/shared/event-emitter.js:186:18
emit@resource://devtools/shared/event-emitter.js:330:18
_notifyDocShellsUpdate@resource://devtools/server/actors/targets/window-global.js:1070:10
DebuggerProgressListener.prototype.onStateChange<@resource://devtools/server/actors/targets/window-global.js:1883:25
exports.makeInfallible/<@resource://devtools/shared/ThreadSafeDevToolsUtils.js:103:22

console.warn: "Async method failed in safeAsyncMethod" (new Error("Connection closed, pending request to server0.conn0.windowGlobal4294967304/layout177, type getGrids failed\n\nRequest stack:\nrequest@resource://devtools/shared/protocol/Front.js:292:14\ngenerateRequestMethods/</frontProto[name]@resource://devtools/shared/protocol/Front/FrontClassWithSpec.js:46:19\ngetAllGrids@resource://devtools/client/fronts/layout.js:171:17\nexports.safeAsyncMethod/<@resource://devtools/shared/async-utils.js:61:25\ngetGrids@resource://devtools/client/inspector/grids/grid-inspector.js:449:35\n", "resource://devtools/shared/protocol/Front.js", 106))
console.error: "stylesheets: fetch failed for https://selenium.dunossauro.live/css/terminal.min.css, using system principal instead."
console.error: (new Error("Connection closed, pending request to server0.conn0.windowGlobal4294967304/pagestyle172, type getLayout failed\n\nRequest stack:\nrequest@resource://devtools/shared/protocol/Front.js:292:14\ngenerateRequestMethods/</frontProto[name]@resource://devtools/shared/protocol/Front/FrontClassWithSpec.js:46:19\nupdateBoxModel/lastRequest<@resource://devtools/client/inspector/boxmodel/box-model.js:183:36\nupdateBoxModel@resource://devtools/client/inspector/boxmodel/box-model.js:223:18\n_emit@resource://devtools/shared/event-emitter.js:242:32\nemit@resource://devtools/shared/event-emitter.js:186:18\nemit@resource://devtools/shared/event-emitter.js:330:18\nonReflowInSelection@resource://devtools/client/inspector/inspector.js:1633:10\n_notifyWatchers@resource://devtools/shared/commands/resource/resource-command.js:792:24\nthrottledFunction@resource://devtools/shared/throttle.js:45:21\n_onResourceAvailable@resource://devtools/shared/commands/resource/resource-command.js:630:12\n_emit@resource://devtools/shared/event-emitter.js:242:32\nemit@resource://devtools/shared/event-emitter.js:186:18\nemit@resource://devtools/shared/event-emitter.js:330:18\nonPacket@resource://devtools/shared/protocol/Front.js:336:13\nonPacket@resource://devtools/client/devtools-client.js:482:13\nsend/<@resource://devtools/shared/transport/local-transport.js:68:25\nexports.makeInfallible/<@resource://devtools/shared/ThreadSafeDevToolsUtils.js:103:22\nexports.makeInfallible/<@resource://devtools/shared/ThreadSafeDevToolsUtils.js:103:22\n", "resource://devtools/shared/protocol/Front.js", 106))
console.error: (new Error("Connection closed, pending request to server0.conn0.windowGlobal4294967304/pagestyle172, type getApplied failed\n\nRequest stack:\nrequest@resource://devtools/shared/protocol/Front.js:292:14\ngenerateRequestMethods/</frontProto[name]@resource://devtools/shared/protocol/Front/FrontClassWithSpec.js:46:19\ngetApplied@resource://devtools/client/fronts/page-style.js:59:29\nupdateBoxModel/lastRequest<@resource://devtools/client/inspector/boxmodel/box-model.js:187:44\n", "resource://devtools/shared/protocol/Front.js", 106))
console.error: "stylesheets: fetch failed for https://selenium.dunossauro.live/css/terminal.min.css, using system principal instead."
console.error: "Error while calling actor 'pagestyle's method 'getApplied'" "InspectorUtils.hasRulesModifiedByCSSOM: Argument 1 does not implement interface CSSStyleSheet."
console.error: (new TypeError("InspectorUtils.hasRulesModifiedByCSSOM: Argument 1 does not implement interface CSSStyleSheet.", "resource://devtools/server/actors/style-rule.js", 159))
console.error: "Tried to send a 'getApplied' method reply on an already destroyed actor 'pagestyle'"
console.error: "Tried to send a 'getLayout' method reply on an already destroyed actor 'pagestyle'"
JavaScript error: resource://gre/modules/AsyncShutdown.jsm, line 575: NotFoundError: No such JSWindowActor 'DevToolsFrame'
1652482034749	Marionette	INFO	Stopped listening on port 50100
console.warn: TopSitesFeed: Failed to fetch data from Contile server: NetworkError when attempting to fetch resource.
JavaScript error: chrome://remote/content/marionette/cert.js, line 55: NS_ERROR_NOT_AVAILABLE: Component returned failure code: 0x80040111 (NS_ERROR_NOT_AVAILABLE) [nsICertOverrideService.setDisableAllSecurityChecksAndLetAttackersInterceptMyData]
1652482078723	geckodriver	INFO	Listening on 127.0.0.1:50575
1652482081662	mozrunner::runner	INFO	Running command: "C:\\Program Files\\Mozilla Firefox\\firefox.exe" "--marionette" "--remote-debugging-port" "50576" "-no-remote" "-profile" "C:\\Users\\JOSEED~1\\AppData\\Local\\Temp\\rust_mozprofileYTj779"
1652482082121	Marionette	INFO	Marionette enabled
console.warn: SearchSettings: "get: No settings file exists, new profile?" (new NotFoundError("Could not open the file at C:\\Users\\JOSEED~1\\AppData\\Local\\Temp\\rust_mozprofileYTj779\\search.json.mozlz4", (void 0)))
DevTools listening on ws://localhost:50576/devtools/browser/6fff643a-7811-4c77-b632-3e46110d957b
1652482084607	Marionette	INFO	Listening on port 50587
1652482084859	RemoteAgent	WARN	TLS certificate errors will be ignored for this session
JavaScript error: , line 0: NotFoundError: No such JSWindowActor 'DevToolsFrame'
1652482503162	Marionette	INFO	Stopped listening on port 50587
console.warn: TopSitesFeed: Failed to fetch data from Contile server: NetworkError when attempting to fetch resource.
JavaScript error: chrome://remote/content/marionette/cert.js, line 55: NS_ERROR_NOT_AVAILABLE: Component returned failure code: 0x80040111 (NS_ERROR_NOT_AVAILABLE) [nsICertOverrideService.setDisableAllSecurityChecksAndLetAttackersInterceptMyData]
